<?xml version="1.0" encoding="utf-8"?><testsuites name="pytest tests"><testsuite name="pytest" errors="0" failures="0" skipped="0" tests="7" time="1.901" timestamp="2026-06-30T02:18:23.730607+00:00" hostname="agent-env-33ef53ec-1043-4297-bc7c-5b27b411166a"><testcase classname="tests.test_bank_reconcile.TestBankReconcile" name="test_reconcile_sample_pdf" time="0.997" /><testcase classname="tests.test_bank_reconcile.TestBankReconcile" name="test_unauthorized" time="0.232" /><testcase classname="tests.test_bank_reconcile.TestBankReconcile" name="test_non_pdf_returns_error" time="0.104" /><testcase classname="tests.test_bank_reconcile.TestBankReconcile" name="test_empty_pdf_returns_error" time="0.097" /><testcase classname="tests.test_bank_reconcile.TestBankHistory" name="test_list_statements" time="0.097" /><testcase classname="tests.test_bank_reconcile.TestBankHistory" name="test_get_statement_detail" time="0.116" /><testcase classname="tests.test_bank_reconcile.TestBankHistory" name="test_delete_statement" time="0.201" /></testsuite></testsuites>