<?xml version="1.0" encoding="utf-8"?><testsuites name="pytest tests"><testsuite name="pytest" errors="0" failures="0" skipped="0" tests="11" time="3.161" timestamp="2026-07-07T01:11:25.314059+00:00" hostname="agent-env-33ef53ec-1043-4297-bc7c-5b27b411166a"><testcase classname="tests.test_gmail_oauth" name="test_gmail_login_redirects_to_google_with_correct_params" time="0.601" /><testcase classname="tests.test_gmail_oauth" name="test_gmail_login_invalid_token_returns_401" time="0.318" /><testcase classname="tests.test_gmail_oauth" name="test_callback_access_denied_redirects_to_gmail_error" time="0.137" /><testcase classname="tests.test_gmail_oauth" name="test_callback_unknown_state_redirects_gracefully" time="0.357" /><testcase classname="tests.test_gmail_oauth" name="test_gmail_status_not_connected" time="0.320" /><testcase classname="tests.test_gmail_oauth" name="test_gmail_sync_not_connected_returns_400" time="0.140" /><testcase classname="tests.test_gmail_oauth" name="test_gmail_alerts_returns_list" time="0.123" /><testcase classname="tests.test_gmail_oauth" name="test_regression_endpoints_reachable[/api/dashboard/summary]" time="0.119" /><testcase classname="tests.test_gmail_oauth" name="test_regression_endpoints_reachable[/api/vendors]" time="0.115" /><testcase classname="tests.test_gmail_oauth" name="test_regression_endpoints_reachable[/api/pnl/summary]" time="0.108" /><testcase classname="tests.test_gmail_oauth" name="test_regression_endpoints_reachable[/api/bank/transactions]" time="0.123" /></testsuite></testsuites>