<?xml version="1.0" encoding="utf-8"?><testsuites name="pytest tests"><testsuite name="pytest" errors="0" failures="0" skipped="0" tests="9" time="2.222" timestamp="2026-07-16T18:56:14.107757+00:00" hostname="agent-env-33ef53ec-1043-4297-bc7c-5b27b411166a"><testcase classname="tests.test_iteration18.TestReminderEmailGated" name="test_reminder_email_returns_428" time="0.884" /><testcase classname="tests.test_iteration18.TestAutopayField" name="test_units_list_has_autopay_field" time="0.811" /><testcase classname="tests.test_iteration18.TestAutopayField" name="test_ledger_returns_unit_autopay_605" time="0.139" /><testcase classname="tests.test_iteration18.TestReminderEmailGated" name="test_reminder_email_bad_unit_404" time="0.115" /><testcase classname="tests.test_iteration18.TestAutopayField" name="test_ledger_returns_unit_autopay_611" time="0.230" /><testcase classname="tests.test_iteration18.TestStatementLogo" name="test_logo_asset_exists" time="0.000" /><testcase classname="tests.test_iteration18.TestDelinquencyStillLoads" name="test_delinquency_ok" time="0.120" /><testcase classname="tests.test_iteration18.TestAutopayField" name="test_ledger_no_autopay_for_other_unit" time="0.109" /><testcase classname="tests.test_iteration18.TestAutopayField" name="test_put_unit_persists_autopay" time="0.375" /></testsuite></testsuites>