<?xml version="1.0" encoding="utf-8"?><testsuites name="pytest tests"><testsuite name="pytest" errors="0" failures="2" skipped="0" tests="14" time="2.435" timestamp="2026-06-29T23:37:29.520018+00:00" hostname="agent-env-33ef53ec-1043-4297-bc7c-5b27b411166a"><testcase classname="tests.test_phase_b.TestBudgets" name="test_budget_year_has_lines[2024]" time="0.690" /><testcase classname="tests.test_phase_b.TestExpensesPhaseB" name="test_expenses_2023_imported" time="0.797" /><testcase classname="tests.test_phase_b.TestBudgets" name="test_budget_year_has_lines[2025]" time="0.102" /><testcase classname="tests.test_phase_b.TestBudgets" name="test_budget_year_has_lines[2026]" time="0.120" /><testcase classname="tests.test_phase_b.TestExpensesPhaseB" name="test_expenses_2024_count" time="0.098" /><testcase classname="tests.test_phase_b.TestExpensesPhaseB" name="test_expenses_2025_count" time="0.098" /><testcase classname="tests.test_phase_b.TestBudgets" name="test_budget_year_has_lines[2027]" time="0.133" /><testcase classname="tests.test_phase_b.TestExpensesPhaseB" name="test_create_expense_with_date_paid_persists" time="0.308" /><testcase classname="tests.test_phase_b.TestBudgets" name="test_budget_2026_total" time="0.146"><failure message="AssertionError: 2026 budget total=0.0&#10;assert 14693.75 &lt; 5.0&#10; +  where 14693.75 = abs((0.0 - 14693.75))">backend/tests/test_phase_b.py:125: in test_budget_2026_total
    assert abs(total - 14693.75) &lt; 5.0, f"2026 budget total={total}"
E   AssertionError: 2026 budget total=0.0
E   assert 14693.75 &lt; 5.0
E    +  where 14693.75 = abs((0.0 - 14693.75))</failure></testcase><testcase classname="tests.test_phase_b.TestUnitsOwnership" name="test_units_have_ownership_pct_summing_to_100" time="0.152"><failure message="AssertionError: ownership_pct sum=0.9999999999999999&#10;assert 99.0 &lt; 0.5&#10; +  where 99.0 = abs((0.9999999999999999 - 100.0))">backend/tests/test_phase_b.py:136: in test_units_have_ownership_pct_summing_to_100
    assert abs(total - 100.0) &lt; 0.5, f"ownership_pct sum={total}"
E   AssertionError: ownership_pct sum=0.9999999999999999
E   assert 99.0 &lt; 0.5
E    +  where 99.0 = abs((0.9999999999999999 - 100.0))</failure></testcase><testcase classname="tests.test_phase_b.TestDashboardTrends" name="test_trends_endpoint_returns_years" time="0.151" /><testcase classname="tests.test_phase_b.TestUnitsOwnership" name="test_apply_fees_updates_units" time="0.478" /><testcase classname="tests.test_phase_b.TestDashboardTrends" name="test_trends_2023_values" time="0.126" /><testcase classname="tests.test_phase_b.TestDashboardTrends" name="test_trends_2024_expenses" time="0.111" /></testsuite></testsuites>