<?xml version="1.0" encoding="utf-8"?><testsuites name="pytest tests"><testsuite name="pytest" errors="0" failures="0" skipped="0" tests="6" time="1.879" timestamp="2026-06-30T01:51:17.286363+00:00" hostname="agent-env-33ef53ec-1043-4297-bc7c-5b27b411166a"><testcase classname="tests.test_pnl.TestPnLEdgeCases" name="test_custom_range_response_shape" time="0.664" /><testcase classname="tests.test_pnl.TestPnL2025Accrual" name="test_full_year_accrual_2025" time="0.806" /><testcase classname="tests.test_pnl.TestPnLEdgeCases" name="test_unauthorized_without_token" time="0.148" /><testcase classname="tests.test_pnl.TestPnL2025Accrual" name="test_expense_lines_present_and_have_variance" time="0.168" /><testcase classname="tests.test_pnl.TestPnLBudgetProration" name="test_this_month_budget_is_annual_over_12" time="0.333" /><testcase classname="tests.test_pnl.TestPnLBasisToggle" name="test_cash_vs_accrual_differ_for_2026" time="0.307" /></testsuite></testsuites>