<?xml version="1.0" encoding="utf-8"?><testsuites name="pytest tests"><testsuite name="pytest" errors="0" failures="0" skipped="2" tests="41" time="8.301" timestamp="2026-06-30T02:18:29.640944+00:00" hostname="agent-env-33ef53ec-1043-4297-bc7c-5b27b411166a"><testcase classname="tests.test_auth_and_fees.TestBearerOnlyAuth" name="test_login_returns_access_token_in_body" time="0.337" /><testcase classname="tests.test_auth_and_fees.TestBearerOnlyAuth" name="test_auth_me_with_bearer_only_no_cookies" time="0.610" /><testcase classname="tests.test_phase_b.TestBudgets" name="test_budget_year_has_lines[2024]" time="0.852" /><testcase classname="tests.test_phase_b.TestBudgets" name="test_budget_year_has_lines[2025]" time="0.125" /><testcase classname="tests.test_auth_and_fees.TestBearerOnlyAuth" name="test_dashboard_summary_with_bearer_only_no_cookies" time="0.436" /><testcase classname="tests.test_phase_b.TestBudgets" name="test_budget_year_has_lines[2026]" time="0.292" /><testcase classname="tests.test_phase_b.TestBudgets" name="test_budget_year_has_lines[2027]" time="0.116" /><testcase classname="tests.test_auth_and_fees.TestBearerOnlyAuth" name="test_fees_with_bearer_only_no_cookies" time="0.613" /><testcase classname="tests.test_phase_b.TestBudgets" name="test_budget_2026_total" time="0.093" /><testcase classname="tests.test_auth_and_fees.TestAuthenticatedEndpoints" name="test_auth_me" time="0.552" /><testcase classname="tests.test_auth_and_fees.TestBearerOnlyAuth" name="test_bearer_invalid_token_rejected" time="0.097" /><testcase classname="tests.test_auth_and_fees.TestAuthenticatedEndpoints" name="test_dashboard_summary" time="0.065" /><testcase classname="tests.test_auth_and_fees.TestBearerOnlyAuth" name="test_unit_613_no_trailing_space_in_unit_number" time="0.420" /><testcase classname="tests.test_auth_and_fees.TestAuthenticatedEndpoints" name="test_fees_2023_march" time="0.054" /><testcase classname="tests.test_auth_and_fees.TestAuthenticatedEndpoints" name="test_unit_613_march_2023_late_fee" time="0.266" /><testcase classname="tests.test_phase_b.TestExpensesPhaseB" name="test_expenses_2023_imported" time="0.593" /><testcase classname="tests.test_phase_b.TestExpensesPhaseB" name="test_expenses_2024_count" time="0.104" /><testcase classname="tests.test_phase_b.TestExpensesPhaseB" name="test_expenses_2025_count" time="0.101" /><testcase classname="tests.test_bank_reconcile.TestBankReconcile" name="test_reconcile_sample_pdf" time="1.071" /><testcase classname="tests.test_phase_b.TestExpensesPhaseB" name="test_create_expense_with_date_paid_persists" time="0.357" /><testcase classname="tests.test_bank_reconcile.TestBankReconcile" name="test_unauthorized" time="0.328" /><testcase classname="tests.test_bank_reconcile.TestBankHistory" name="test_list_statements" time="0.440" /><testcase classname="tests.test_bank_reconcile.TestBankReconcile" name="test_non_pdf_returns_error" time="0.100" /><testcase classname="tests.test_bank_reconcile.TestBankReconcile" name="test_empty_pdf_returns_error" time="0.326" /><testcase classname="tests.test_bank_reconcile.TestBankHistory" name="test_get_statement_detail" time="0.000"><skipped type="pytest.skip" message="No statement id from reconcile test">/app/backend/tests/test_bank_reconcile.py:113: No statement id from reconcile test</skipped></testcase><testcase classname="tests.test_bank_reconcile.TestBankHistory" name="test_delete_statement" time="0.000"><skipped type="pytest.skip" message="No statement id from reconcile test">/app/backend/tests/test_bank_reconcile.py:123: No statement id from reconcile test</skipped></testcase><testcase classname="tests.test_auth_and_fees.TestAuthCookies" name="test_login_success_and_cookie_attributes" time="0.318" /><testcase classname="tests.test_auth_and_fees.TestAuthCookies" name="test_login_invalid_credentials" time="0.320" /><testcase classname="tests.test_phase_b.TestDashboardTrends" name="test_trends_endpoint_returns_years" time="0.840" /><testcase classname="tests.test_phase_b.TestUnitsOwnership" name="test_units_have_ownership_pct_summing_to_100" time="0.625" /><testcase classname="tests.test_phase_b.TestDashboardTrends" name="test_trends_2023_values" time="0.158" /><testcase classname="tests.test_phase_b.TestUnitsOwnership" name="test_apply_fees_updates_units" time="0.622" /><testcase classname="tests.test_phase_b.TestDashboardTrends" name="test_trends_2024_expenses" time="0.135" /><testcase classname="tests.test_pnl.TestPnLEdgeCases" name="test_custom_range_response_shape" time="0.497" /><testcase classname="tests.test_pnl.TestPnLEdgeCases" name="test_unauthorized_without_token" time="0.267" /><testcase classname="tests.test_pnl.TestPnL2025Accrual" name="test_full_year_accrual_2025" time="0.697" /><testcase classname="tests.test_auth_and_fees.TestSessionPersistence" name="test_session_persists_across_calls" time="0.488" /><testcase classname="tests.test_pnl.TestPnL2025Accrual" name="test_expense_lines_present_and_have_variance" time="0.167" /><testcase classname="tests.test_auth_and_fees.TestLogout" name="test_logout_clears_session" time="0.709" /><testcase classname="tests.test_pnl.TestPnLBasisToggle" name="test_cash_vs_accrual_differ_for_2026" time="0.776" /><testcase classname="tests.test_pnl.TestPnLBudgetProration" name="test_this_month_budget_is_annual_over_12" time="0.265" /></testsuite></testsuites>