<?xml version="1.0" encoding="utf-8"?><testsuites name="pytest tests"><testsuite name="pytest" errors="0" failures="0" skipped="0" tests="14" time="3.785" timestamp="2026-06-29T23:02:20.234399+00:00" hostname="agent-env-33ef53ec-1043-4297-bc7c-5b27b411166a"><testcase classname="tests.test_auth_and_fees.TestBearerOnlyAuth" name="test_login_returns_access_token_in_body" time="0.590" /><testcase classname="tests.test_auth_and_fees.TestAuthenticatedEndpoints" name="test_auth_me" time="0.587" /><testcase classname="tests.test_auth_and_fees.TestAuthenticatedEndpoints" name="test_dashboard_summary" time="0.061" /><testcase classname="tests.test_auth_and_fees.TestBearerOnlyAuth" name="test_auth_me_with_bearer_only_no_cookies" time="0.444" /><testcase classname="tests.test_auth_and_fees.TestAuthenticatedEndpoints" name="test_fees_2023_march" time="0.281" /><testcase classname="tests.test_auth_and_fees.TestAuthenticatedEndpoints" name="test_unit_613_march_2023_late_fee" time="0.051" /><testcase classname="tests.test_auth_and_fees.TestAuthCookies" name="test_login_success_and_cookie_attributes" time="0.338" /><testcase classname="tests.test_auth_and_fees.TestBearerOnlyAuth" name="test_dashboard_summary_with_bearer_only_no_cookies" time="0.807" /><testcase classname="tests.test_auth_and_fees.TestAuthCookies" name="test_login_invalid_credentials" time="0.502" /><testcase classname="tests.test_auth_and_fees.TestSessionPersistence" name="test_session_persists_across_calls" time="0.654" /><testcase classname="tests.test_auth_and_fees.TestBearerOnlyAuth" name="test_fees_with_bearer_only_no_cookies" time="0.683" /><testcase classname="tests.test_auth_and_fees.TestLogout" name="test_logout_clears_session" time="0.647" /><testcase classname="tests.test_auth_and_fees.TestBearerOnlyAuth" name="test_bearer_invalid_token_rejected" time="0.279" /><testcase classname="tests.test_auth_and_fees.TestBearerOnlyAuth" name="test_unit_613_no_trailing_space_in_unit_number" time="0.453" /></testsuite></testsuites>