<?xml version="1.0" encoding="utf-8"?><testsuites name="pytest tests"><testsuite name="pytest" errors="0" failures="0" skipped="0" tests="7" time="1.585" timestamp="2026-07-16T18:31:46.206525+00:00" hostname="agent-env-33ef53ec-1043-4297-bc7c-5b27b411166a"><testcase classname="tests.test_statement_delinquency.TestUnitBalances" name="test_balances_endpoint" time="0.607" /><testcase classname="tests.test_statement_delinquency.TestOwnerLedger" name="test_ledger_all_years" time="0.113" /><testcase classname="tests.test_statement_delinquency.TestOwnerLedger" name="test_ledger_year_filter" time="0.118" /><testcase classname="tests.test_statement_delinquency.TestOwnerLedger" name="test_ledger_year_totals_differ_or_equal" time="0.254" /><testcase classname="tests.test_statement_delinquency.TestEmailStatementGated" name="test_gmail_status_shape" time="0.133" /><testcase classname="tests.test_statement_delinquency.TestEmailStatementGated" name="test_email_statement_gated_returns_428" time="0.137" /><testcase classname="tests.test_statement_delinquency.TestDelinquencyReport" name="test_delinquency_report" time="0.146" /></testsuite></testsuites>